{"C:\\Users\\User\\Proyectos\\ATOMIZA\\atomiza-catalog\\src\\utils\\cart.ts": {"path":"C:\\Users\\User\\Proyectos\\ATOMIZA\\atomiza-catalog\\src\\utils\\cart.ts","statementMap":{"0":{"start":{"line":3,"column":25},"end":{"line":3,"column":null}},"1":{"start":{"line":6,"column":2},"end":{"line":13,"column":null}},"2":{"start":{"line":7,"column":19},"end":{"line":7,"column":null}},"3":{"start":{"line":8,"column":4},"end":{"line":10,"column":null}},"4":{"start":{"line":9,"column":6},"end":{"line":9,"column":null}},"5":{"start":{"line":14,"column":2},"end":{"line":14,"column":null}},"6":{"start":{"line":18,"column":2},"end":{"line":18,"column":null}},"7":{"start":{"line":22,"column":2},"end":{"line":24,"column":null}},"8":{"start":{"line":23,"column":14},"end":{"line":23,"column":null}},"9":{"start":{"line":28,"column":2},"end":{"line":30,"column":null}},"10":{"start":{"line":29,"column":14},"end":{"line":29,"column":null}},"11":{"start":{"line":34,"column":2},"end":{"line":34,"column":null}},"12":{"start":{"line":38,"column":15},"end":{"line":38,"column":null}},"13":{"start":{"line":39,"column":24},"end":{"line":39,"column":null}},"14":{"start":{"line":41,"column":2},"end":{"line":52,"column":null}},"15":{"start":{"line":42,"column":24},"end":{"line":45,"column":null}},"16":{"start":{"line":46,"column":4},"end":{"line":46,"column":null}},"17":{"start":{"line":48,"column":21},"end":{"line":48,"column":null}},"18":{"start":{"line":49,"column":4},"end":{"line":51,"column":null}},"19":{"start":{"line":50,"column":6},"end":{"line":50,"column":null}},"20":{"start":{"line":54,"column":2},"end":{"line":54,"column":null}},"21":{"start":{"line":55,"column":2},"end":{"line":55,"column":null}},"22":{"start":{"line":56,"column":2},"end":{"line":56,"column":null}},"23":{"start":{"line":60,"column":15},"end":{"line":60,"column":null}},"24":{"start":{"line":61,"column":16},"end":{"line":61,"column":null}},"25":{"start":{"line":63,"column":2},"end":{"line":67,"column":null}},"26":{"start":{"line":64,"column":4},"end":{"line":64,"column":null}},"27":{"start":{"line":65,"column":4},"end":{"line":65,"column":null}},"28":{"start":{"line":66,"column":4},"end":{"line":66,"column":null}},"29":{"start":{"line":69,"column":2},"end":{"line":69,"column":null}},"30":{"start":{"line":77,"column":15},"end":{"line":77,"column":null}},"31":{"start":{"line":78,"column":16},"end":{"line":78,"column":null}},"32":{"start":{"line":80,"column":2},"end":{"line":88,"column":null}},"33":{"start":{"line":81,"column":4},"end":{"line":85,"column":null}},"34":{"start":{"line":82,"column":6},"end":{"line":82,"column":null}},"35":{"start":{"line":84,"column":6},"end":{"line":84,"column":null}},"36":{"start":{"line":86,"column":4},"end":{"line":86,"column":null}},"37":{"start":{"line":87,"column":4},"end":{"line":87,"column":null}},"38":{"start":{"line":90,"column":2},"end":{"line":90,"column":null}},"39":{"start":{"line":94,"column":15},"end":{"line":94,"column":null}},"40":{"start":{"line":95,"column":2},"end":{"line":95,"column":null}},"41":{"start":{"line":96,"column":2},"end":{"line":96,"column":null}},"42":{"start":{"line":100,"column":15},"end":{"line":100,"column":null}},"43":{"start":{"line":101,"column":2},"end":{"line":101,"column":null}},"44":{"start":{"line":101,"column":42},"end":{"line":101,"column":63}},"45":{"start":{"line":105,"column":15},"end":{"line":105,"column":null}},"46":{"start":{"line":106,"column":2},"end":{"line":106,"column":null}},"47":{"start":{"line":106,"column":42},"end":{"line":106,"column":81}},"48":{"start":{"line":110,"column":2},"end":{"line":110,"column":null}},"49":{"start":{"line":110,"column":24},"end":{"line":110,"column":null}},"50":{"start":{"line":111,"column":2},"end":{"line":111,"column":null}},"51":{"start":{"line":111,"column":29},"end":{"line":111,"column":null}},"52":{"start":{"line":113,"column":15},"end":{"line":113,"column":null}},"53":{"start":{"line":114,"column":24},"end":{"line":114,"column":null}},"54":{"start":{"line":116,"column":2},"end":{"line":118,"column":null}},"55":{"start":{"line":117,"column":4},"end":{"line":117,"column":null}},"56":{"start":{"line":120,"column":2},"end":{"line":120,"column":null}}},"fnMap":{"0":{"name":"getStoredCart","decl":{"start":{"line":5,"column":9},"end":{"line":5,"column":36}},"loc":{"start":{"line":5,"column":36},"end":{"line":15,"column":null}},"line":5},"1":{"name":"saveCart","decl":{"start":{"line":17,"column":9},"end":{"line":17,"column":18}},"loc":{"start":{"line":17,"column":41},"end":{"line":19,"column":null}},"line":17},"2":{"name":"findItemIndex","decl":{"start":{"line":21,"column":9},"end":{"line":21,"column":23}},"loc":{"start":{"line":21,"column":88},"end":{"line":25,"column":null}},"line":21},"3":{"name":"(anonymous_3)","decl":{"start":{"line":22,"column":15},"end":{"line":22,"column":null}},"loc":{"start":{"line":23,"column":14},"end":{"line":23,"column":null}},"line":23},"4":{"name":"findItemIndexBySize","decl":{"start":{"line":27,"column":9},"end":{"line":27,"column":29}},"loc":{"start":{"line":27,"column":75},"end":{"line":31,"column":null}},"line":27},"5":{"name":"(anonymous_5)","decl":{"start":{"line":28,"column":15},"end":{"line":28,"column":null}},"loc":{"start":{"line":29,"column":14},"end":{"line":29,"column":null}},"line":29},"6":{"name":"getCart","decl":{"start":{"line":33,"column":16},"end":{"line":33,"column":37}},"loc":{"start":{"line":33,"column":37},"end":{"line":35,"column":null}},"line":33},"7":{"name":"addToCart","decl":{"start":{"line":37,"column":16},"end":{"line":37,"column":26}},"loc":{"start":{"line":37,"column":53},"end":{"line":57,"column":null}},"line":37},"8":{"name":"removeFromCart","decl":{"start":{"line":59,"column":16},"end":{"line":59,"column":31}},"loc":{"start":{"line":59,"column":80},"end":{"line":70,"column":null}},"line":59},"9":{"name":"updateCartItemQuantity","decl":{"start":{"line":72,"column":16},"end":{"line":72,"column":null}},"loc":{"start":{"line":76,"column":13},"end":{"line":91,"column":null}},"line":76},"10":{"name":"clearCart","decl":{"start":{"line":93,"column":16},"end":{"line":93,"column":39}},"loc":{"start":{"line":93,"column":39},"end":{"line":97,"column":null}},"line":93},"11":{"name":"getCartItemCount","decl":{"start":{"line":99,"column":16},"end":{"line":99,"column":43}},"loc":{"start":{"line":99,"column":43},"end":{"line":102,"column":null}},"line":99},"12":{"name":"(anonymous_12)","decl":{"start":{"line":101,"column":20},"end":{"line":101,"column":28}},"loc":{"start":{"line":101,"column":42},"end":{"line":101,"column":63}},"line":101},"13":{"name":"getCartSubtotal","decl":{"start":{"line":104,"column":16},"end":{"line":104,"column":42}},"loc":{"start":{"line":104,"column":42},"end":{"line":107,"column":null}},"line":104},"14":{"name":"(anonymous_14)","decl":{"start":{"line":106,"column":20},"end":{"line":106,"column":28}},"loc":{"start":{"line":106,"column":42},"end":{"line":106,"column":81}},"line":106},"15":{"name":"canAddToCart","decl":{"start":{"line":109,"column":16},"end":{"line":109,"column":29}},"loc":{"start":{"line":109,"column":75},"end":{"line":121,"column":null}},"line":109}},"branchMap":{"0":{"loc":{"start":{"line":8,"column":4},"end":{"line":10,"column":null}},"type":"if","locations":[{"start":{"line":8,"column":4},"end":{"line":10,"column":null}},{"start":{},"end":{}}],"line":8},"1":{"loc":{"start":{"line":23,"column":14},"end":{"line":23,"column":null}},"type":"binary-expr","locations":[{"start":{"line":23,"column":14},"end":{"line":23,"column":46}},{"start":{"line":23,"column":46},"end":{"line":23,"column":null}}],"line":23},"2":{"loc":{"start":{"line":41,"column":2},"end":{"line":52,"column":null}},"type":"if","locations":[{"start":{"line":41,"column":2},"end":{"line":52,"column":null}},{"start":{"line":47,"column":9},"end":{"line":52,"column":null}}],"line":41},"3":{"loc":{"start":{"line":49,"column":4},"end":{"line":51,"column":null}},"type":"if","locations":[{"start":{"line":49,"column":4},"end":{"line":51,"column":null}},{"start":{},"end":{}}],"line":49},"4":{"loc":{"start":{"line":63,"column":2},"end":{"line":67,"column":null}},"type":"if","locations":[{"start":{"line":63,"column":2},"end":{"line":67,"column":null}},{"start":{},"end":{}}],"line":63},"5":{"loc":{"start":{"line":80,"column":2},"end":{"line":88,"column":null}},"type":"if","locations":[{"start":{"line":80,"column":2},"end":{"line":88,"column":null}},{"start":{},"end":{}}],"line":80},"6":{"loc":{"start":{"line":81,"column":4},"end":{"line":85,"column":null}},"type":"if","locations":[{"start":{"line":81,"column":4},"end":{"line":85,"column":null}},{"start":{"line":83,"column":11},"end":{"line":85,"column":null}}],"line":81},"7":{"loc":{"start":{"line":110,"column":2},"end":{"line":110,"column":null}},"type":"if","locations":[{"start":{"line":110,"column":2},"end":{"line":110,"column":null}},{"start":{},"end":{}}],"line":110},"8":{"loc":{"start":{"line":111,"column":2},"end":{"line":111,"column":null}},"type":"if","locations":[{"start":{"line":111,"column":2},"end":{"line":111,"column":null}},{"start":{},"end":{}}],"line":111},"9":{"loc":{"start":{"line":116,"column":2},"end":{"line":118,"column":null}},"type":"if","locations":[{"start":{"line":116,"column":2},"end":{"line":118,"column":null}},{"start":{},"end":{}}],"line":116}},"s":{"0":1,"1":20,"2":20,"3":20,"4":14,"5":7,"6":10,"7":10,"8":8,"9":3,"10":2,"11":3,"12":5,"13":5,"14":5,"15":1,"16":1,"17":4,"18":4,"19":4,"20":5,"21":5,"22":5,"23":2,"24":2,"25":2,"26":1,"27":1,"28":1,"29":2,"30":3,"31":3,"32":3,"33":3,"34":1,"35":2,"36":3,"37":3,"38":3,"39":1,"40":1,"41":1,"42":2,"43":2,"44":2,"45":2,"46":2,"47":2,"48":5,"49":1,"50":4,"51":1,"52":3,"53":3,"54":3,"55":2,"56":1},"f":{"0":20,"1":10,"2":10,"3":8,"4":3,"5":2,"6":3,"7":5,"8":2,"9":3,"10":1,"11":2,"12":2,"13":2,"14":2,"15":5},"b":{"0":[14,6],"1":[8,6],"2":[1,4],"3":[4,0],"4":[1,1],"5":[3,0],"6":[1,2],"7":[1,4],"8":[1,3],"9":[2,1]},"meta":{"lastBranch":10,"lastFunction":16,"lastStatement":57,"seen":{"s:3:25:3:Infinity":0,"f:5:9:5:36":0,"s:6:2:13:Infinity":1,"s:7:19:7:Infinity":2,"b:8:4:10:Infinity:undefined:undefined:undefined:undefined":0,"s:8:4:10:Infinity":3,"s:9:6:9:Infinity":4,"s:14:2:14:Infinity":5,"f:17:9:17:18":1,"s:18:2:18:Infinity":6,"f:21:9:21:23":2,"s:22:2:24:Infinity":7,"f:22:15:22:Infinity":3,"s:23:14:23:Infinity":8,"b:23:14:23:46:23:46:23:Infinity":1,"f:27:9:27:29":4,"s:28:2:30:Infinity":9,"f:28:15:28:Infinity":5,"s:29:14:29:Infinity":10,"f:33:16:33:37":6,"s:34:2:34:Infinity":11,"f:37:16:37:26":7,"s:38:15:38:Infinity":12,"s:39:24:39:Infinity":13,"b:41:2:52:Infinity:47:9:52:Infinity":2,"s:41:2:52:Infinity":14,"s:42:24:45:Infinity":15,"s:46:4:46:Infinity":16,"s:48:21:48:Infinity":17,"b:49:4:51:Infinity:undefined:undefined:undefined:undefined":3,"s:49:4:51:Infinity":18,"s:50:6:50:Infinity":19,"s:54:2:54:Infinity":20,"s:55:2:55:Infinity":21,"s:56:2:56:Infinity":22,"f:59:16:59:31":8,"s:60:15:60:Infinity":23,"s:61:16:61:Infinity":24,"b:63:2:67:Infinity:undefined:undefined:undefined:undefined":4,"s:63:2:67:Infinity":25,"s:64:4:64:Infinity":26,"s:65:4:65:Infinity":27,"s:66:4:66:Infinity":28,"s:69:2:69:Infinity":29,"f:72:16:72:Infinity":9,"s:77:15:77:Infinity":30,"s:78:16:78:Infinity":31,"b:80:2:88:Infinity:undefined:undefined:undefined:undefined":5,"s:80:2:88:Infinity":32,"b:81:4:85:Infinity:83:11:85:Infinity":6,"s:81:4:85:Infinity":33,"s:82:6:82:Infinity":34,"s:84:6:84:Infinity":35,"s:86:4:86:Infinity":36,"s:87:4:87:Infinity":37,"s:90:2:90:Infinity":38,"f:93:16:93:39":10,"s:94:15:94:Infinity":39,"s:95:2:95:Infinity":40,"s:96:2:96:Infinity":41,"f:99:16:99:43":11,"s:100:15:100:Infinity":42,"s:101:2:101:Infinity":43,"f:101:20:101:28":12,"s:101:42:101:63":44,"f:104:16:104:42":13,"s:105:15:105:Infinity":45,"s:106:2:106:Infinity":46,"f:106:20:106:28":14,"s:106:42:106:81":47,"f:109:16:109:29":15,"b:110:2:110:Infinity:undefined:undefined:undefined:undefined":7,"s:110:2:110:Infinity":48,"s:110:24:110:Infinity":49,"b:111:2:111:Infinity:undefined:undefined:undefined:undefined":8,"s:111:2:111:Infinity":50,"s:111:29:111:Infinity":51,"s:113:15:113:Infinity":52,"s:114:24:114:Infinity":53,"b:116:2:118:Infinity:undefined:undefined:undefined:undefined":9,"s:116:2:118:Infinity":54,"s:117:4:117:Infinity":55,"s:120:2:120:Infinity":56},"fnNames":{}}}
,"C:\\Users\\User\\Proyectos\\ATOMIZA\\atomiza-catalog\\src\\utils\\filters.ts": {"path":"C:\\Users\\User\\Proyectos\\ATOMIZA\\atomiza-catalog\\src\\utils\\filters.ts","statementMap":{"0":{"start":{"line":4,"column":2},"end":{"line":4,"column":null}},"1":{"start":{"line":4,"column":24},"end":{"line":4,"column":null}},"2":{"start":{"line":5,"column":2},"end":{"line":5,"column":null}},"3":{"start":{"line":5,"column":29},"end":{"line":5,"column":null}},"4":{"start":{"line":5,"column":65},"end":{"line":5,"column":92}},"5":{"start":{"line":6,"column":2},"end":{"line":6,"column":null}},"6":{"start":{"line":6,"column":38},"end":{"line":6,"column":63}},"7":{"start":{"line":10,"column":2},"end":{"line":10,"column":null}},"8":{"start":{"line":10,"column":21},"end":{"line":10,"column":null}},"9":{"start":{"line":12,"column":21},"end":{"line":12,"column":null}},"10":{"start":{"line":13,"column":2},"end":{"line":17,"column":null}},"11":{"start":{"line":15,"column":6},"end":{"line":16,"column":null}}},"fnMap":{"0":{"name":"filterPerfumes","decl":{"start":{"line":3,"column":16},"end":{"line":3,"column":31}},"loc":{"start":{"line":3,"column":85},"end":{"line":7,"column":null}},"line":3},"1":{"name":"(anonymous_1)","decl":{"start":{"line":5,"column":45},"end":{"line":5,"column":53}},"loc":{"start":{"line":5,"column":65},"end":{"line":5,"column":92}},"line":5},"2":{"name":"(anonymous_2)","decl":{"start":{"line":6,"column":18},"end":{"line":6,"column":26}},"loc":{"start":{"line":6,"column":38},"end":{"line":6,"column":63}},"line":6},"3":{"name":"searchPerfumes","decl":{"start":{"line":9,"column":16},"end":{"line":9,"column":31}},"loc":{"start":{"line":9,"column":78},"end":{"line":18,"column":null}},"line":9},"4":{"name":"(anonymous_4)","decl":{"start":{"line":13,"column":18},"end":{"line":13,"column":null}},"loc":{"start":{"line":15,"column":6},"end":{"line":16,"column":null}},"line":15}},"branchMap":{"0":{"loc":{"start":{"line":4,"column":2},"end":{"line":4,"column":null}},"type":"if","locations":[{"start":{"line":4,"column":2},"end":{"line":4,"column":null}},{"start":{},"end":{}}],"line":4},"1":{"loc":{"start":{"line":5,"column":2},"end":{"line":5,"column":null}},"type":"if","locations":[{"start":{"line":5,"column":2},"end":{"line":5,"column":null}},{"start":{},"end":{}}],"line":5},"2":{"loc":{"start":{"line":10,"column":2},"end":{"line":10,"column":null}},"type":"if","locations":[{"start":{"line":10,"column":2},"end":{"line":10,"column":null}},{"start":{},"end":{}}],"line":10},"3":{"loc":{"start":{"line":15,"column":6},"end":{"line":16,"column":null}},"type":"binary-expr","locations":[{"start":{"line":15,"column":6},"end":{"line":15,"column":null}},{"start":{"line":16,"column":6},"end":{"line":16,"column":null}}],"line":15}},"s":{"0":5,"1":1,"2":4,"3":1,"4":5,"5":3,"6":15,"7":7,"8":1,"9":6,"10":6,"11":30},"f":{"0":5,"1":5,"2":15,"3":7,"4":30},"b":{"0":[1,4],"1":[1,3],"2":[1,6],"3":[30,27]},"meta":{"lastBranch":4,"lastFunction":5,"lastStatement":12,"seen":{"f:3:16:3:31":0,"b:4:2:4:Infinity:undefined:undefined:undefined:undefined":0,"s:4:2:4:Infinity":0,"s:4:24:4:Infinity":1,"b:5:2:5:Infinity:undefined:undefined:undefined:undefined":1,"s:5:2:5:Infinity":2,"s:5:29:5:Infinity":3,"f:5:45:5:53":1,"s:5:65:5:92":4,"s:6:2:6:Infinity":5,"f:6:18:6:26":2,"s:6:38:6:63":6,"f:9:16:9:31":3,"b:10:2:10:Infinity:undefined:undefined:undefined:undefined":2,"s:10:2:10:Infinity":7,"s:10:21:10:Infinity":8,"s:12:21:12:Infinity":9,"s:13:2:17:Infinity":10,"f:13:18:13:Infinity":4,"s:15:6:16:Infinity":11,"b:15:6:15:Infinity:16:6:16:Infinity":3},"fnNames":{}}}
,"C:\\Users\\User\\Proyectos\\ATOMIZA\\atomiza-catalog\\src\\utils\\formatters.ts": {"path":"C:\\Users\\User\\Proyectos\\ATOMIZA\\atomiza-catalog\\src\\utils\\formatters.ts","statementMap":{"0":{"start":{"line":4,"column":2},"end":{"line":4,"column":null}},"1":{"start":{"line":4,"column":19},"end":{"line":4,"column":null}},"2":{"start":{"line":5,"column":2},"end":{"line":5,"column":null}},"3":{"start":{"line":14,"column":26},"end":{"line":21,"column":null}},"4":{"start":{"line":23,"column":14},"end":{"line":23,"column":null}},"5":{"start":{"line":25,"column":2},"end":{"line":35,"column":null}},"6":{"start":{"line":26,"column":20},"end":{"line":26,"column":null}},"7":{"start":{"line":27,"column":4},"end":{"line":27,"column":null}},"8":{"start":{"line":27,"column":18},"end":{"line":27,"column":null}},"9":{"start":{"line":29,"column":22},"end":{"line":29,"column":null}},"10":{"start":{"line":30,"column":4},"end":{"line":30,"column":null}},"11":{"start":{"line":32,"column":4},"end":{"line":34,"column":null}},"12":{"start":{"line":37,"column":2},"end":{"line":37,"column":null}},"13":{"start":{"line":39,"column":2},"end":{"line":39,"column":null}}},"fnMap":{"0":{"name":"formatPrice","decl":{"start":{"line":3,"column":16},"end":{"line":3,"column":28}},"loc":{"start":{"line":3,"column":51},"end":{"line":6,"column":null}},"line":3},"1":{"name":"generateInstagramOrderText","decl":{"start":{"line":8,"column":16},"end":{"line":8,"column":null}},"loc":{"start":{"line":13,"column":10},"end":{"line":40,"column":null}},"line":13}},"branchMap":{"0":{"loc":{"start":{"line":4,"column":2},"end":{"line":4,"column":null}},"type":"if","locations":[{"start":{"line":4,"column":2},"end":{"line":4,"column":null}},{"start":{},"end":{}}],"line":4},"1":{"loc":{"start":{"line":27,"column":4},"end":{"line":27,"column":null}},"type":"if","locations":[{"start":{"line":27,"column":4},"end":{"line":27,"column":null}},{"start":{},"end":{}}],"line":27}},"s":{"0":13,"1":2,"2":11,"3":3,"4":3,"5":3,"6":3,"7":3,"8":0,"9":3,"10":3,"11":3,"12":3,"13":3},"f":{"0":13,"1":3},"b":{"0":[2,11],"1":[0,3]},"meta":{"lastBranch":2,"lastFunction":2,"lastStatement":14,"seen":{"f:3:16:3:28":0,"b:4:2:4:Infinity:undefined:undefined:undefined:undefined":0,"s:4:2:4:Infinity":0,"s:4:19:4:Infinity":1,"s:5:2:5:Infinity":2,"f:8:16:8:Infinity":1,"s:14:26:21:Infinity":3,"s:23:14:23:Infinity":4,"s:25:2:35:Infinity":5,"s:26:20:26:Infinity":6,"b:27:4:27:Infinity:undefined:undefined:undefined:undefined":1,"s:27:4:27:Infinity":7,"s:27:18:27:Infinity":8,"s:29:22:29:Infinity":9,"s:30:4:30:Infinity":10,"s:32:4:34:Infinity":11,"s:37:2:37:Infinity":12,"s:39:2:39:Infinity":13},"fnNames":{}}}
,"C:\\Users\\User\\Proyectos\\ATOMIZA\\atomiza-catalog\\src\\utils\\stock.ts": {"path":"C:\\Users\\User\\Proyectos\\ATOMIZA\\atomiza-catalog\\src\\utils\\stock.ts","statementMap":{"0":{"start":{"line":4,"column":2},"end":{"line":4,"column":null}},"1":{"start":{"line":4,"column":24},"end":{"line":4,"column":null}},"2":{"start":{"line":5,"column":2},"end":{"line":5,"column":null}},"3":{"start":{"line":5,"column":23},"end":{"line":5,"column":null}},"4":{"start":{"line":6,"column":2},"end":{"line":6,"column":null}},"5":{"start":{"line":10,"column":2},"end":{"line":17,"column":null}},"6":{"start":{"line":12,"column":6},"end":{"line":12,"column":null}},"7":{"start":{"line":14,"column":6},"end":{"line":14,"column":null}},"8":{"start":{"line":16,"column":6},"end":{"line":16,"column":null}},"9":{"start":{"line":21,"column":2},"end":{"line":28,"column":null}},"10":{"start":{"line":23,"column":6},"end":{"line":23,"column":null}},"11":{"start":{"line":25,"column":6},"end":{"line":25,"column":null}},"12":{"start":{"line":27,"column":6},"end":{"line":27,"column":null}},"13":{"start":{"line":32,"column":2},"end":{"line":32,"column":null}}},"fnMap":{"0":{"name":"getStockStatus","decl":{"start":{"line":3,"column":16},"end":{"line":3,"column":31}},"loc":{"start":{"line":3,"column":63},"end":{"line":7,"column":null}},"line":3},"1":{"name":"getStockLabel","decl":{"start":{"line":9,"column":16},"end":{"line":9,"column":30}},"loc":{"start":{"line":9,"column":59},"end":{"line":18,"column":null}},"line":9},"2":{"name":"getStockColor","decl":{"start":{"line":20,"column":16},"end":{"line":20,"column":30}},"loc":{"start":{"line":20,"column":59},"end":{"line":29,"column":null}},"line":20},"3":{"name":"isSizeAvailable","decl":{"start":{"line":31,"column":16},"end":{"line":31,"column":32}},"loc":{"start":{"line":31,"column":60},"end":{"line":33,"column":null}},"line":31}},"branchMap":{"0":{"loc":{"start":{"line":4,"column":2},"end":{"line":4,"column":null}},"type":"if","locations":[{"start":{"line":4,"column":2},"end":{"line":4,"column":null}},{"start":{},"end":{}}],"line":4},"1":{"loc":{"start":{"line":5,"column":2},"end":{"line":5,"column":null}},"type":"if","locations":[{"start":{"line":5,"column":2},"end":{"line":5,"column":null}},{"start":{},"end":{}}],"line":5},"2":{"loc":{"start":{"line":10,"column":2},"end":{"line":17,"column":null}},"type":"switch","locations":[{"start":{"line":11,"column":4},"end":{"line":12,"column":null}},{"start":{"line":13,"column":4},"end":{"line":14,"column":null}},{"start":{"line":15,"column":4},"end":{"line":16,"column":null}}],"line":10},"3":{"loc":{"start":{"line":21,"column":2},"end":{"line":28,"column":null}},"type":"switch","locations":[{"start":{"line":22,"column":4},"end":{"line":23,"column":null}},{"start":{"line":24,"column":4},"end":{"line":25,"column":null}},{"start":{"line":26,"column":4},"end":{"line":27,"column":null}}],"line":21}},"s":{"0":5,"1":1,"2":4,"3":2,"4":2,"5":3,"6":1,"7":1,"8":1,"9":3,"10":1,"11":1,"12":1,"13":4},"f":{"0":5,"1":3,"2":3,"3":4},"b":{"0":[1,4],"1":[2,2],"2":[1,1,1],"3":[1,1,1]},"meta":{"lastBranch":4,"lastFunction":4,"lastStatement":14,"seen":{"f:3:16:3:31":0,"b:4:2:4:Infinity:undefined:undefined:undefined:undefined":0,"s:4:2:4:Infinity":0,"s:4:24:4:Infinity":1,"b:5:2:5:Infinity:undefined:undefined:undefined:undefined":1,"s:5:2:5:Infinity":2,"s:5:23:5:Infinity":3,"s:6:2:6:Infinity":4,"f:9:16:9:30":1,"b:11:4:12:Infinity:13:4:14:Infinity:15:4:16:Infinity":2,"s:10:2:17:Infinity":5,"s:12:6:12:Infinity":6,"s:14:6:14:Infinity":7,"s:16:6:16:Infinity":8,"f:20:16:20:30":2,"b:22:4:23:Infinity:24:4:25:Infinity:26:4:27:Infinity":3,"s:21:2:28:Infinity":9,"s:23:6:23:Infinity":10,"s:25:6:25:Infinity":11,"s:27:6:27:Infinity":12,"f:31:16:31:32":3,"s:32:2:32:Infinity":13},"fnNames":{}}}
}
